<?xml version="1.0" encoding="UTF-8"?>
<testsuite xmlns:xsi="http://www.w3.org/2001/XMLSchema-instance" xsi:noNamespaceSchemaLocation="https://maven.apache.org/surefire/maven-surefire-plugin/xsd/surefire-test-report.xsd" version="3.0.2" name="TestSuite" time="20.723" tests="5" errors="0" skipped="4" failures="1">
  <properties>
[...]
</properties>
  <testcase name="beforeSuite" classname="booking.tests.StaysTest" time="20.705">
    <failure message="Appium HTTP server is not listening at http://0.0.0.0:4723/ after 20000 ms timeout. Consider increasing the server startup timeout value and check the server log for possible error messages occurrences.&#10;Node.js executable path: /opt/homebrew/bin/node&#10;Arguments: [/opt/homebrew/lib/node_modules/appium/build/lib/main.js, --port, 4723, --address, 0.0.0.0]&#10;Server log: &amp;#27;[38;5;112m[Appium]&amp;#27;[0m Welcome to Appium v2.19.0 (REV a0d01bc7c410bdb55794f4858c29e9c79e0e485c)&#10;&amp;#27;[38;5;112m[Appium]&amp;#27;[0m The autodetected Appium home path: /Users/yasmineemadeldeen/.appium&#10;&amp;#27;[38;5;112m[Appium]&amp;#27;[0m Attempting to load driver uiautomator2...&#10;&amp;#27;[38;5;112m[Appium]&amp;#27;[0m Attempting to load driver xcuitest...&#10;&amp;#27;[38;5;112m[Appium]&amp;#27;[0m Requiring driver at /Users/yasmineemadeldeen/.appium/node_modules/appium-uiautomator2-driver/build/index.js&#10;&amp;#27;[38;5;112m[Appium]&amp;#27;[0m AndroidUiautomator2Driver has been successfully loaded in 0.300s&#10;&amp;#27;[38;5;112m[Appium]&amp;#27;[0m Requiring driver at /Users/yasmineemadeldeen/.appium/node_modules/appium-xcuitest-driver/build/index.js&#10;&amp;#27;[38;5;112m[Appium]&amp;#27;[0m XCUITestDriver has been successfully loaded in 0.651s&#10;&amp;#27;[38;5;86m[HTTP]&amp;#27;[0m Could not start REST http interface listener. The requested port may already be in use. Please make sure there is no other instance of this server running already.&#10;&amp;#27;[38;5;112m[Appium]&amp;#27;[0m Could not configure Appium server. It&apos;s possible that a driver or plugin tried to update the server and failed. Original error: listen EADDRINUSE: address already in use 0.0.0.0:4723&#10;&amp;#27;[38;5;112m[Appium]&amp;#27;[0m Error: listen EADDRINUSE: address already in use 0.0.0.0:4723&#10;    at Server.setupListenHandle [as _listen2] (node:net:1940:16)&#10;    at listenInCluster (node:net:1997:12)&#10;    at node:net:2206:7&#10;    at processTicksAndRejections (node:internal/process/task_queues:90:21)&#10;" type="io.appium.java_client.service.local.AppiumServerHasNotBeenStartedLocallyException"><![CDATA[io.appium.java_client.service.local.AppiumServerHasNotBeenStartedLocallyException: 
Appium HTTP server is not listening at http://0.0.0.0:4723/ after 20000 ms timeout. Consider increasing the server startup timeout value and check the server log for possible error messages occurrences.
Node.js executable path: /opt/homebrew/bin/node
Arguments: [/opt/homebrew/lib/node_modules/appium/build/lib/main.js, --port, 4723, --address, 0.0.0.0]
Server log: &amp#27;[38;5;112m[Appium]&amp#27;[0m Welcome to Appium v2.19.0 (REV a0d01bc7c410bdb55794f4858c29e9c79e0e485c)
&amp#27;[38;5;112m[Appium]&amp#27;[0m The autodetected Appium home path: /Users/yasmineemadeldeen/.appium
&amp#27;[38;5;112m[Appium]&amp#27;[0m Attempting to load driver uiautomator2...
&amp#27;[38;5;112m[Appium]&amp#27;[0m Attempting to load driver xcuitest...
&amp#27;[38;5;112m[Appium]&amp#27;[0m Requiring driver at /Users/yasmineemadeldeen/.appium/node_modules/appium-uiautomator2-driver/build/index.js
&amp#27;[38;5;112m[Appium]&amp#27;[0m AndroidUiautomator2Driver has been successfully loaded in 0.300s
&amp#27;[38;5;112m[Appium]&amp#27;[0m Requiring driver at /Users/yasmineemadeldeen/.appium/node_modules/appium-xcuitest-driver/build/index.js
&amp#27;[38;5;112m[Appium]&amp#27;[0m XCUITestDriver has been successfully loaded in 0.651s
&amp#27;[38;5;86m[HTTP]&amp#27;[0m Could not start REST http interface listener. The requested port may already be in use. Please make sure there is no other instance of this server running already.
&amp#27;[38;5;112m[Appium]&amp#27;[0m Could not configure Appium server. It's possible that a driver or plugin tried to update the server and failed. Original error: listen EADDRINUSE: address already in use 0.0.0.0:4723
&amp#27;[38;5;112m[Appium]&amp#27;[0m Error: listen EADDRINUSE: address already in use 0.0.0.0:4723
    at Server.setupListenHandle [as _listen2] (node:net:1940:16)
    at listenInCluster (node:net:1997:12)
    at node:net:2206:7
    at processTicksAndRejections (node:internal/process/task_queues:90:21)

	at io.appium.java_client.service.local.AppiumDriverLocalService.start(AppiumDriverLocalService.java:192)
	at booking.base.Base.startAppiumServer(Base.java:115)
	at booking.base.Base.beforeSuite(Base.java:39)
	at java.base/jdk.internal.reflect.DirectMethodHandleAccessor.invoke(DirectMethodHandleAccessor.java:104)
	at java.base/java.lang.reflect.Method.invoke(Method.java:565)
	at org.testng.internal.invokers.MethodInvocationHelper.invokeMethod(MethodInvocationHelper.java:141)
	at org.testng.internal.invokers.MethodInvocationHelper.invokeMethodConsideringTimeout(MethodInvocationHelper.java:71)
	at org.testng.internal.invokers.ConfigInvoker.invokeConfigurationMethod(ConfigInvoker.java:400)
	at org.testng.internal.invokers.ConfigInvoker.invokeConfigurations(ConfigInvoker.java:333)
	at org.testng.SuiteRunner.privateRun(SuiteRunner.java:358)
	at org.testng.SuiteRunner.run(SuiteRunner.java:312)
	at org.testng.SuiteRunnerWorker.runSuite(SuiteRunnerWorker.java:52)
	at org.testng.SuiteRunnerWorker.run(SuiteRunnerWorker.java:95)
	at org.testng.TestNG.runSuitesSequentially(TestNG.java:1274)
	at org.testng.TestNG.runSuitesLocally(TestNG.java:1208)
	at org.testng.TestNG.runSuites(TestNG.java:1112)
	at org.testng.TestNG.run(TestNG.java:1079)
	at org.apache.maven.surefire.testng.TestNGExecutor.run(TestNGExecutor.java:308)
	at org.apache.maven.surefire.testng.TestNGXmlTestSuite.execute(TestNGXmlTestSuite.java:71)
	at org.apache.maven.surefire.testng.TestNGProvider.invoke(TestNGProvider.java:113)
	at org.apache.maven.surefire.booter.ForkedBooter.runSuitesInProcess(ForkedBooter.java:385)
	at org.apache.maven.surefire.booter.ForkedBooter.execute(ForkedBooter.java:162)
	at org.apache.maven.surefire.booter.ForkedBooter.run(ForkedBooter.java:507)
	at org.apache.maven.surefire.booter.ForkedBooter.main(ForkedBooter.java:495)
Caused by: io.appium.java_client.service.local.AppiumServerAvailabilityChecker$ConnectionTimeout: ConnectionTimeout
	at io.appium.java_client.service.local.AppiumServerAvailabilityChecker.waitUntilAvailable(AppiumServerAvailabilityChecker.java:72)
	at io.appium.java_client.service.local.AppiumDriverLocalService.ping(AppiumDriverLocalService.java:144)
	at io.appium.java_client.service.local.AppiumDriverLocalService.start(AppiumDriverLocalService.java:185)
	... 23 more
Caused by: java.net.ConnectException: Connection refused
	at java.base/sun.nio.ch.Net.pollConnect(Native Method)
	at java.base/sun.nio.ch.Net.pollConnectNow(Net.java:628)
	at java.base/sun.nio.ch.NioSocketImpl.timedFinishConnect(NioSocketImpl.java:540)
	at java.base/sun.nio.ch.NioSocketImpl.connect(NioSocketImpl.java:583)
	at java.base/java.net.Socket.connect(Socket.java:665)
	at java.base/sun.net.NetworkClient.doConnect(NetworkClient.java:161)
	at java.base/sun.net.www.http.HttpClient.openServer(HttpClient.java:516)
	at java.base/sun.net.www.http.HttpClient.openServer(HttpClient.java:604)
	at java.base/sun.net.www.http.HttpClient.<init>(HttpClient.java:276)
	at java.base/sun.net.www.http.HttpClient.New(HttpClient.java:380)
	at java.base/sun.net.www.http.HttpClient.New(HttpClient.java:393)
	at java.base/sun.net.www.protocol.http.HttpURLConnection.getNewHttpClient(HttpURLConnection.java:1030)
	at java.base/sun.net.www.protocol.http.HttpURLConnection.plainConnect0(HttpURLConnection.java:963)
	at java.base/sun.net.www.protocol.http.HttpURLConnection.plainConnect(HttpURLConnection.java:899)
	at java.base/sun.net.www.protocol.http.HttpURLConnection.connect(HttpURLConnection.java:872)
	at io.appium.java_client.service.local.AppiumServerAvailabilityChecker.connectToUrl(AppiumServerAvailabilityChecker.java:79)
	at io.appium.java_client.service.local.AppiumServerAvailabilityChecker.waitUntilAvailable(AppiumServerAvailabilityChecker.java:61)
	... 25 more
]]></failure>
    <system-out><![CDATA[&amp#27;[38;5;112m[Appium]&amp#27;[0m Welcome to Appium v2.19.0 (REV a0d01bc7c410bdb55794f4858c29e9c79e0e485c)
&amp#27;[38;5;112m[Appium]&amp#27;[0m The autodetected Appium home path: /Users/yasmineemadeldeen/.appium
&amp#27;[38;5;112m[Appium]&amp#27;[0m Attempting to load driver uiautomator2...
&amp#27;[38;5;112m[Appium]&amp#27;[0m Attempting to load driver xcuitest...
&amp#27;[38;5;112m[Appium]&amp#27;[0m Requiring driver at /Users/yasmineemadeldeen/.appium/node_modules/appium-uiautomator2-driver/build/index.js
&amp#27;[38;5;112m[Appium]&amp#27;[0m AndroidUiautomator2Driver has been successfully loaded in 0.300s
&amp#27;[38;5;112m[Appium]&amp#27;[0m Requiring driver at /Users/yasmineemadeldeen/.appium/node_modules/appium-xcuitest-driver/build/index.js
&amp#27;[38;5;112m[Appium]&amp#27;[0m XCUITestDriver has been successfully loaded in 0.651s
&amp#27;[38;5;86m[HTTP]&amp#27;[0m Could not start REST http interface listener. The requested port may already be in use. Please make sure there is no other instance of this server running already.
&amp#27;[38;5;112m[Appium]&amp#27;[0m Could not configure Appium server. It's possible that a driver or plugin tried to update the server and failed. Original error: listen EADDRINUSE: address already in use 0.0.0.0:4723
&amp#27;[38;5;112m[Appium]&amp#27;[0m Error: listen EADDRINUSE: address already in use 0.0.0.0:4723
    at Server.setupListenHandle [as _listen2] (node:net:1940:16)
    at listenInCluster (node:net:1997:12)
    at node:net:2206:7
    at processTicksAndRejections (node:internal/process/task_queues:90:21)
]]></system-out>
    <system-err><![CDATA[SLF4J(W): No SLF4J providers were found.
SLF4J(W): Defaulting to no-operation (NOP) logger implementation
SLF4J(W): See https://www.slf4j.org/codes.html#noProviders for further details.
]]></system-err>
  </testcase>
  <testcase name="beforeMethod" classname="booking.tests.StaysTest" time="0.0">
    <skipped/>
  </testcase>
  <testcase name="testLoginWithMail" classname="booking.tests.StaysTest" time="0.0">
    <skipped message="Appium HTTP server is not listening at http://0.0.0.0:4723/ after 20000 ms timeout. Consider increasing the server startup timeout value and check the server log for possible error messages occurrences.&#10;Node.js executable path: /opt/homebrew/bin/node&#10;Arguments: [/opt/homebrew/lib/node_modules/appium/build/lib/main.js, --port, 4723, --address, 0.0.0.0]&#10;Server log: &amp;#27;[38;5;112m[Appium]&amp;#27;[0m Welcome to Appium v2.19.0 (REV a0d01bc7c410bdb55794f4858c29e9c79e0e485c)&#10;&amp;#27;[38;5;112m[Appium]&amp;#27;[0m The autodetected Appium home path: /Users/yasmineemadeldeen/.appium&#10;&amp;#27;[38;5;112m[Appium]&amp;#27;[0m Attempting to load driver uiautomator2...&#10;&amp;#27;[38;5;112m[Appium]&amp;#27;[0m Attempting to load driver xcuitest...&#10;&amp;#27;[38;5;112m[Appium]&amp;#27;[0m Requiring driver at /Users/yasmineemadeldeen/.appium/node_modules/appium-uiautomator2-driver/build/index.js&#10;&amp;#27;[38;5;112m[Appium]&amp;#27;[0m AndroidUiautomator2Driver has been successfully loaded in 0.300s&#10;&amp;#27;[38;5;112m[Appium]&amp;#27;[0m Requiring driver at /Users/yasmineemadeldeen/.appium/node_modules/appium-xcuitest-driver/build/index.js&#10;&amp;#27;[38;5;112m[Appium]&amp;#27;[0m XCUITestDriver has been successfully loaded in 0.651s&#10;&amp;#27;[38;5;86m[HTTP]&amp;#27;[0m Could not start REST http interface listener. The requested port may already be in use. Please make sure there is no other instance of this server running already.&#10;&amp;#27;[38;5;112m[Appium]&amp;#27;[0m Could not configure Appium server. It&apos;s possible that a driver or plugin tried to update the server and failed. Original error: listen EADDRINUSE: address already in use 0.0.0.0:4723&#10;&amp;#27;[38;5;112m[Appium]&amp;#27;[0m Error: listen EADDRINUSE: address already in use 0.0.0.0:4723&#10;    at Server.setupListenHandle [as _listen2] (node:net:1940:16)&#10;    at listenInCluster (node:net:1997:12)&#10;    at node:net:2206:7&#10;    at processTicksAndRejections (node:internal/process/task_queues:90:21)&#10;"/>
  </testcase>
  <testcase name="afterMethod" classname="booking.tests.StaysTest" time="0.0">
    <skipped/>
  </testcase>
  <testcase name="afterSuite" classname="booking.tests.StaysTest" time="0.0">
    <skipped/>
  </testcase>
</testsuite>